{"C:\\Coding\\Uni\\2024 s2\\APDS\\UI-AstraGlobal\\src\\components\\ui\\button.tsx": {"path":"C:\\Coding\\Uni\\2024 s2\\APDS\\UI-AstraGlobal\\src\\components\\ui\\button.tsx","statementMap":{"0":{"start":{"line":1,"column":0},"end":{"line":1,"column":31}},"1":{"start":{"line":2,"column":0},"end":{"line":2,"column":44}},"2":{"start":{"line":3,"column":0},"end":{"line":3,"column":66}},"3":{"start":{"line":5,"column":0},"end":{"line":5,"column":33}},"4":{"start":{"line":7,"column":23},"end":{"line":36,"column":null}},"5":{"start":{"line":59,"column":17},"end":{"line":59,"column":31}},"6":{"start":{"line":45,"column":15},"end":{"line":55,"column":null}},"7":{"start":{"line":46,"column":46},"end":{"line":46,"column":51}},"8":{"start":{"line":46,"column":56},"end":{"line":46,"column":60}},"9":{"start":{"line":47,"column":17},"end":{"line":47,"column":42}},"10":{"start":{"line":48,"column":4},"end":{"line":54,"column":6}},"11":{"start":{"line":59,"column":9},"end":{"line":59,"column":15}},"12":{"start":{"line":57,"column":0},"end":{"line":57,"column":30}}},"fnMap":{"0":{"name":"(anonymous_7)","decl":{"start":{"line":46,"column":2},"end":{"line":46,"column":3}},"loc":{"start":{"line":46,"column":67},"end":{"line":55,"column":3}}}},"branchMap":{"0":{"loc":{"start":{"line":46,"column":31},"end":{"line":46,"column":46}},"type":"default-arg","locations":[{"start":{"line":46,"column":41},"end":{"line":46,"column":46}}]},"1":{"loc":{"start":{"line":47,"column":17},"end":{"line":47,"column":42}},"type":"cond-expr","locations":[{"start":{"line":47,"column":27},"end":{"line":47,"column":31}},{"start":{"line":47,"column":34},"end":{"line":47,"column":42}}]}},"s":{"0":2,"1":2,"2":2,"3":2,"4":2,"5":2,"6":2,"7":28,"8":28,"9":28,"10":28,"11":2,"12":2},"f":{"0":28},"b":{"0":[28],"1":[0,28]}}
,"C:\\Coding\\Uni\\2024 s2\\APDS\\UI-AstraGlobal\\src\\components\\ui\\card.tsx": {"path":"C:\\Coding\\Uni\\2024 s2\\APDS\\UI-AstraGlobal\\src\\components\\ui\\card.tsx","statementMap":{"0":{"start":{"line":1,"column":0},"end":{"line":1,"column":30}},"1":{"start":{"line":3,"column":0},"end":{"line":3,"column":32}},"2":{"start":{"line":5,"column":13},"end":{"line":17,"column":2}},"3":{"start":{"line":8,"column":14},"end":{"line":8,"column":19}},"4":{"start":{"line":8,"column":24},"end":{"line":8,"column":28}},"5":{"start":{"line":8,"column":36},"end":{"line":17,"column":2}},"6":{"start":{"line":79,"column":9},"end":{"line":79,"column":13}},"7":{"start":{"line":18,"column":0},"end":{"line":18,"column":null}},"8":{"start":{"line":20,"column":19},"end":{"line":29,"column":2}},"9":{"start":{"line":23,"column":14},"end":{"line":23,"column":19}},"10":{"start":{"line":23,"column":24},"end":{"line":23,"column":28}},"11":{"start":{"line":23,"column":36},"end":{"line":29,"column":2}},"12":{"start":{"line":79,"column":15},"end":{"line":79,"column":25}},"13":{"start":{"line":30,"column":0},"end":{"line":30,"column":null}},"14":{"start":{"line":32,"column":18},"end":{"line":44,"column":2}},"15":{"start":{"line":35,"column":14},"end":{"line":35,"column":19}},"16":{"start":{"line":35,"column":24},"end":{"line":35,"column":28}},"17":{"start":{"line":35,"column":36},"end":{"line":44,"column":2}},"18":{"start":{"line":79,"column":39},"end":{"line":79,"column":48}},"19":{"start":{"line":45,"column":0},"end":{"line":45,"column":null}},"20":{"start":{"line":47,"column":24},"end":{"line":56,"column":2}},"21":{"start":{"line":50,"column":14},"end":{"line":50,"column":19}},"22":{"start":{"line":50,"column":24},"end":{"line":50,"column":28}},"23":{"start":{"line":50,"column":36},"end":{"line":56,"column":2}},"24":{"start":{"line":79,"column":50},"end":{"line":79,"column":65}},"25":{"start":{"line":57,"column":0},"end":{"line":57,"column":null}},"26":{"start":{"line":59,"column":20},"end":{"line":64,"column":2}},"27":{"start":{"line":62,"column":14},"end":{"line":62,"column":19}},"28":{"start":{"line":62,"column":24},"end":{"line":62,"column":28}},"29":{"start":{"line":62,"column":36},"end":{"line":64,"column":2}},"30":{"start":{"line":79,"column":67},"end":{"line":79,"column":78}},"31":{"start":{"line":65,"column":0},"end":{"line":65,"column":null}},"32":{"start":{"line":67,"column":19},"end":{"line":76,"column":2}},"33":{"start":{"line":70,"column":14},"end":{"line":70,"column":19}},"34":{"start":{"line":70,"column":24},"end":{"line":70,"column":28}},"35":{"start":{"line":70,"column":36},"end":{"line":76,"column":2}},"36":{"start":{"line":79,"column":27},"end":{"line":79,"column":37}},"37":{"start":{"line":77,"column":0},"end":{"line":77,"column":null}}},"fnMap":{"0":{"name":"(anonymous_7)","decl":{"start":{"line":8,"column":2},"end":{"line":8,"column":3}},"loc":{"start":{"line":8,"column":35},"end":{"line":17,"column":2}}},"1":{"name":"(anonymous_8)","decl":{"start":{"line":23,"column":2},"end":{"line":23,"column":3}},"loc":{"start":{"line":23,"column":35},"end":{"line":29,"column":2}}},"2":{"name":"(anonymous_9)","decl":{"start":{"line":35,"column":2},"end":{"line":35,"column":3}},"loc":{"start":{"line":35,"column":35},"end":{"line":44,"column":2}}},"3":{"name":"(anonymous_10)","decl":{"start":{"line":50,"column":2},"end":{"line":50,"column":3}},"loc":{"start":{"line":50,"column":35},"end":{"line":56,"column":2}}},"4":{"name":"(anonymous_11)","decl":{"start":{"line":62,"column":2},"end":{"line":62,"column":3}},"loc":{"start":{"line":62,"column":35},"end":{"line":64,"column":2}}},"5":{"name":"(anonymous_12)","decl":{"start":{"line":70,"column":2},"end":{"line":70,"column":3}},"loc":{"start":{"line":70,"column":35},"end":{"line":76,"column":2}}}},"branchMap":{},"s":{"0":2,"1":2,"2":2,"3":0,"4":0,"5":0,"6":2,"7":2,"8":2,"9":14,"10":14,"11":14,"12":2,"13":2,"14":2,"15":14,"16":14,"17":14,"18":2,"19":2,"20":2,"21":14,"22":14,"23":14,"24":2,"25":2,"26":2,"27":14,"28":14,"29":14,"30":2,"31":2,"32":2,"33":0,"34":0,"35":0,"36":2,"37":2},"f":{"0":0,"1":14,"2":14,"3":14,"4":14,"5":0},"b":{}}
,"C:\\Coding\\Uni\\2024 s2\\APDS\\UI-AstraGlobal\\src\\components\\ui\\form.tsx": {"path":"C:\\Coding\\Uni\\2024 s2\\APDS\\UI-AstraGlobal\\src\\components\\ui\\form.tsx","statementMap":{"0":{"start":{"line":1,"column":0},"end":{"line":1,"column":31}},"1":{"start":{"line":3,"column":0},"end":{"line":3,"column":44}},"2":{"start":{"line":4,"column":0},"end":{"line":4,"column":null}},"3":{"start":{"line":13,"column":0},"end":{"line":13,"column":33}},"4":{"start":{"line":14,"column":0},"end":{"line":14,"column":46}},"5":{"start":{"line":16,"column":13},"end":{"line":16,"column":25}},"6":{"start":{"line":170,"column":2},"end":{"line":170,"column":6}},"7":{"start":{"line":25,"column":25},"end":{"line":26,"column":null}},"8":{"start":{"line":29,"column":18},"end":{"line":40,"column":1}},"9":{"start":{"line":33,"column":10},"end":{"line":34,"column":39}},"10":{"start":{"line":35,"column":2},"end":{"line":39,"column":4}},"11":{"start":{"line":176,"column":2},"end":{"line":176,"column":11}},"12":{"start":{"line":42,"column":21},"end":{"line":63,"column":1}},"13":{"start":{"line":43,"column":23},"end":{"line":43,"column":57}},"14":{"start":{"line":44,"column":22},"end":{"line":44,"column":55}},"15":{"start":{"line":45,"column":39},"end":{"line":45,"column":55}},"16":{"start":{"line":47,"column":21},"end":{"line":47,"column":64}},"17":{"start":{"line":49,"column":2},"end":{"line":51,"column":3}},"18":{"start":{"line":50,"column":4},"end":{"line":50,"column":70}},"19":{"start":{"line":53,"column":17},"end":{"line":53,"column":28}},"20":{"start":{"line":55,"column":2},"end":{"line":61,"column":null}},"21":{"start":{"line":169,"column":2},"end":{"line":169,"column":14}},"22":{"start":{"line":69,"column":24},"end":{"line":70,"column":null}},"23":{"start":{"line":73,"column":17},"end":{"line":84,"column":2}},"24":{"start":{"line":76,"column":14},"end":{"line":76,"column":19}},"25":{"start":{"line":76,"column":24},"end":{"line":76,"column":28}},"26":{"start":{"line":77,"column":13},"end":{"line":77,"column":26}},"27":{"start":{"line":79,"column":2},"end":{"line":83,"column":4}},"28":{"start":{"line":171,"column":2},"end":{"line":171,"column":10}},"29":{"start":{"line":85,"column":0},"end":{"line":85,"column":34}},"30":{"start":{"line":87,"column":18},"end":{"line":101,"column":2}},"31":{"start":{"line":90,"column":14},"end":{"line":90,"column":19}},"32":{"start":{"line":90,"column":24},"end":{"line":90,"column":28}},"33":{"start":{"line":91,"column":32},"end":{"line":91,"column":46}},"34":{"start":{"line":93,"column":2},"end":{"line":100,"column":4}},"35":{"start":{"line":172,"column":2},"end":{"line":172,"column":11}},"36":{"start":{"line":102,"column":0},"end":{"line":102,"column":36}},"37":{"start":{"line":104,"column":20},"end":{"line":124,"column":2}},"38":{"start":{"line":107,"column":13},"end":{"line":107,"column":17}},"39":{"start":{"line":109,"column":4},"end":{"line":109,"column":18}},"40":{"start":{"line":111,"column":2},"end":{"line":123,"column":4}},"41":{"start":{"line":173,"column":2},"end":{"line":173,"column":13}},"42":{"start":{"line":125,"column":0},"end":{"line":125,"column":40}},"43":{"start":{"line":127,"column":24},"end":{"line":141,"column":2}},"44":{"start":{"line":130,"column":14},"end":{"line":130,"column":19}},"45":{"start":{"line":130,"column":24},"end":{"line":130,"column":28}},"46":{"start":{"line":131,"column":32},"end":{"line":131,"column":46}},"47":{"start":{"line":133,"column":2},"end":{"line":140,"column":4}},"48":{"start":{"line":174,"column":2},"end":{"line":174,"column":17}},"49":{"start":{"line":142,"column":0},"end":{"line":142,"column":48}},"50":{"start":{"line":144,"column":20},"end":{"line":165,"column":2}},"51":{"start":{"line":147,"column":24},"end":{"line":147,"column":29}},"52":{"start":{"line":147,"column":34},"end":{"line":147,"column":38}},"53":{"start":{"line":148,"column":35},"end":{"line":148,"column":49}},"54":{"start":{"line":149,"column":15},"end":{"line":149,"column":56}},"55":{"start":{"line":151,"column":2},"end":{"line":153,"column":3}},"56":{"start":{"line":152,"column":4},"end":{"line":152,"column":16}},"57":{"start":{"line":155,"column":2},"end":{"line":164,"column":4}},"58":{"start":{"line":175,"column":2},"end":{"line":175,"column":13}},"59":{"start":{"line":166,"column":0},"end":{"line":166,"column":40}}},"fnMap":{"0":{"name":"(anonymous_7)","decl":{"start":{"line":29,"column":18},"end":{"line":29,"column":null}},"loc":{"start":{"line":34,"column":43},"end":{"line":40,"column":1}}},"1":{"name":"(anonymous_8)","decl":{"start":{"line":42,"column":21},"end":{"line":42,"column":24}},"loc":{"start":{"line":42,"column":26},"end":{"line":63,"column":1}}},"2":{"name":"(anonymous_9)","decl":{"start":{"line":76,"column":2},"end":{"line":76,"column":3}},"loc":{"start":{"line":76,"column":35},"end":{"line":84,"column":1}}},"3":{"name":"(anonymous_10)","decl":{"start":{"line":90,"column":2},"end":{"line":90,"column":3}},"loc":{"start":{"line":90,"column":35},"end":{"line":101,"column":1}}},"4":{"name":"(anonymous_11)","decl":{"start":{"line":107,"column":2},"end":{"line":107,"column":3}},"loc":{"start":{"line":107,"column":24},"end":{"line":124,"column":1}}},"5":{"name":"(anonymous_12)","decl":{"start":{"line":130,"column":2},"end":{"line":130,"column":3}},"loc":{"start":{"line":130,"column":35},"end":{"line":141,"column":1}}},"6":{"name":"(anonymous_13)","decl":{"start":{"line":147,"column":2},"end":{"line":147,"column":3}},"loc":{"start":{"line":147,"column":45},"end":{"line":165,"column":1}}}},"branchMap":{"0":{"loc":{"start":{"line":49,"column":2},"end":{"line":51,"column":3}},"type":"if","locations":[{"start":{"line":49,"column":2},"end":{"line":51,"column":3}}]},"1":{"loc":{"start":{"line":96,"column":20},"end":{"line":96,"column":47}},"type":"binary-expr","locations":[{"start":{"line":96,"column":20},"end":{"line":96,"column":25}},{"start":{"line":96,"column":29},"end":{"line":96,"column":47}}]},"2":{"loc":{"start":{"line":116,"column":8},"end":{"line":118,"column":51}},"type":"cond-expr","locations":[{"start":{"line":117,"column":12},"end":{"line":117,"column":34}},{"start":{"line":118,"column":12},"end":{"line":118,"column":51}}]},"3":{"loc":{"start":{"line":149,"column":15},"end":{"line":149,"column":56}},"type":"cond-expr","locations":[{"start":{"line":149,"column":23},"end":{"line":149,"column":45}},{"start":{"line":149,"column":48},"end":{"line":149,"column":56}}]},"4":{"loc":{"start":{"line":149,"column":30},"end":{"line":149,"column":44}},"type":"cond-expr","locations":[{"start":{"line":149,"column":35},"end":{"line":149,"column":37}},{"start":{"line":149,"column":30},"end":{"line":149,"column":44}}]},"5":{"loc":{"start":{"line":149,"column":30},"end":{"line":149,"column":37}},"type":"binary-expr","locations":[{"start":{"line":149,"column":30},"end":{"line":149,"column":37}},{"start":{"line":149,"column":30},"end":{"line":149,"column":37}}]},"6":{"loc":{"start":{"line":151,"column":2},"end":{"line":153,"column":3}},"type":"if","locations":[{"start":{"line":151,"column":2},"end":{"line":153,"column":3}}]}},"s":{"0":2,"1":2,"2":2,"3":2,"4":2,"5":2,"6":2,"7":2,"8":2,"9":28,"10":28,"11":2,"12":2,"13":91,"14":91,"15":91,"16":91,"17":91,"18":0,"19":91,"20":91,"21":2,"22":2,"23":2,"24":28,"25":28,"26":28,"27":28,"28":2,"29":2,"30":2,"31":28,"32":28,"33":28,"34":28,"35":2,"36":2,"37":2,"38":28,"39":28,"40":28,"41":2,"42":2,"43":2,"44":7,"45":7,"46":7,"47":7,"48":2,"49":2,"50":2,"51":28,"52":28,"53":28,"54":28,"55":28,"56":28,"57":0,"58":2,"59":2},"f":{"0":28,"1":91,"2":28,"3":28,"4":28,"5":7,"6":28},"b":{"0":[0],"1":[28,0],"2":[28,0],"3":[0,28],"4":[0,0],"5":[0,0],"6":[28]}}
,"C:\\Coding\\Uni\\2024 s2\\APDS\\UI-AstraGlobal\\src\\components\\ui\\input.tsx": {"path":"C:\\Coding\\Uni\\2024 s2\\APDS\\UI-AstraGlobal\\src\\components\\ui\\input.tsx","statementMap":{"0":{"start":{"line":1,"column":0},"end":{"line":1,"column":31}},"1":{"start":{"line":3,"column":0},"end":{"line":3,"column":33}},"2":{"start":{"line":7,"column":14},"end":{"line":20,"column":null}},"3":{"start":{"line":8,"column":20},"end":{"line":8,"column":25}},"4":{"start":{"line":8,"column":30},"end":{"line":8,"column":34}},"5":{"start":{"line":9,"column":4},"end":{"line":19,"column":6}},"6":{"start":{"line":24,"column":9},"end":{"line":24,"column":14}},"7":{"start":{"line":22,"column":0},"end":{"line":22,"column":28}}},"fnMap":{"0":{"name":"(anonymous_7)","decl":{"start":{"line":8,"column":2},"end":{"line":8,"column":3}},"loc":{"start":{"line":8,"column":41},"end":{"line":20,"column":3}}}},"branchMap":{},"s":{"0":2,"1":2,"2":2,"3":28,"4":28,"5":28,"6":2,"7":2},"f":{"0":28},"b":{}}
,"C:\\Coding\\Uni\\2024 s2\\APDS\\UI-AstraGlobal\\src\\components\\ui\\label.tsx": {"path":"C:\\Coding\\Uni\\2024 s2\\APDS\\UI-AstraGlobal\\src\\components\\ui\\label.tsx","statementMap":{"0":{"start":{"line":1,"column":0},"end":{"line":1,"column":30}},"1":{"start":{"line":2,"column":0},"end":{"line":2,"column":55}},"2":{"start":{"line":3,"column":0},"end":{"line":3,"column":65}},"3":{"start":{"line":5,"column":0},"end":{"line":5,"column":32}},"4":{"start":{"line":7,"column":22},"end":{"line":8,"column":null}},"5":{"start":{"line":11,"column":14},"end":{"line":21,"column":2}},"6":{"start":{"line":15,"column":14},"end":{"line":15,"column":19}},"7":{"start":{"line":15,"column":24},"end":{"line":15,"column":28}},"8":{"start":{"line":15,"column":36},"end":{"line":21,"column":2}},"9":{"start":{"line":24,"column":9},"end":{"line":24,"column":14}},"10":{"start":{"line":22,"column":0},"end":{"line":22,"column":null}}},"fnMap":{"0":{"name":"(anonymous_7)","decl":{"start":{"line":15,"column":2},"end":{"line":15,"column":3}},"loc":{"start":{"line":15,"column":35},"end":{"line":21,"column":2}}}},"branchMap":{},"s":{"0":2,"1":2,"2":2,"3":2,"4":2,"5":2,"6":28,"7":28,"8":28,"9":2,"10":2},"f":{"0":28},"b":{}}
,"C:\\Coding\\Uni\\2024 s2\\APDS\\UI-AstraGlobal\\src\\components\\ui\\password-input.tsx": {"path":"C:\\Coding\\Uni\\2024 s2\\APDS\\UI-AstraGlobal\\src\\components\\ui\\password-input.tsx","statementMap":{"0":{"start":{"line":1,"column":0},"end":{"line":1,"column":31}},"1":{"start":{"line":2,"column":0},"end":{"line":2,"column":51}},"2":{"start":{"line":4,"column":0},"end":{"line":4,"column":48}},"3":{"start":{"line":5,"column":0},"end":{"line":5,"column":63}},"4":{"start":{"line":6,"column":0},"end":{"line":6,"column":33}},"5":{"start":{"line":8,"column":22},"end":{"line":50,"column":null}},"6":{"start":{"line":9,"column":14},"end":{"line":9,"column":19}},"7":{"start":{"line":9,"column":24},"end":{"line":9,"column":28}},"8":{"start":{"line":10,"column":44},"end":{"line":10,"column":65}},"9":{"start":{"line":11,"column":21},"end":{"line":11,"column":35}},"10":{"start":{"line":13,"column":4},"end":{"line":49,"column":6}},"11":{"start":{"line":26,"column":25},"end":{"line":26,"column":57}},"12":{"start":{"line":26,"column":51},"end":{"line":26,"column":56}},"13":{"start":{"line":54,"column":9},"end":{"line":54,"column":22}},"14":{"start":{"line":52,"column":0},"end":{"line":52,"column":44}}},"fnMap":{"0":{"name":"(anonymous_7)","decl":{"start":{"line":9,"column":2},"end":{"line":9,"column":3}},"loc":{"start":{"line":9,"column":35},"end":{"line":50,"column":3}}},"1":{"name":"(anonymous_8)","decl":{"start":{"line":26,"column":19},"end":{"line":26,"column":22}},"loc":{"start":{"line":26,"column":25},"end":{"line":26,"column":57}}},"2":{"name":"(anonymous_9)","decl":{"start":{"line":26,"column":41},"end":{"line":26,"column":42}},"loc":{"start":{"line":26,"column":51},"end":{"line":26,"column":56}}}},"branchMap":{"0":{"loc":{"start":{"line":16,"column":16},"end":{"line":16,"column":50}},"type":"cond-expr","locations":[{"start":{"line":16,"column":31},"end":{"line":16,"column":37}},{"start":{"line":16,"column":40},"end":{"line":16,"column":50}}]},"1":{"loc":{"start":{"line":29,"column":11},"end":{"line":32,"column":null}},"type":"cond-expr","locations":[{"start":{"line":30,"column":12},"end":{"line":30,"column":62}},{"start":{"line":32,"column":12},"end":{"line":32,"column":65}}]},"2":{"loc":{"start":{"line":29,"column":11},"end":{"line":29,"column":36}},"type":"binary-expr","locations":[{"start":{"line":29,"column":11},"end":{"line":29,"column":23}},{"start":{"line":29,"column":27},"end":{"line":29,"column":36}}]},"3":{"loc":{"start":{"line":35,"column":13},"end":{"line":35,"column":61}},"type":"cond-expr","locations":[{"start":{"line":35,"column":28},"end":{"line":35,"column":43}},{"start":{"line":35,"column":46},"end":{"line":35,"column":61}}]}},"s":{"0":2,"1":2,"2":2,"3":2,"4":2,"5":2,"6":14,"7":14,"8":14,"9":14,"10":14,"11":0,"12":0,"13":2,"14":2},"f":{"0":14,"1":0,"2":0},"b":{"0":[0,14],"1":[0,14],"2":[14,0],"3":[0,14]}}
,"C:\\Coding\\Uni\\2024 s2\\APDS\\UI-AstraGlobal\\src\\lib\\utils.ts": {"path":"C:\\Coding\\Uni\\2024 s2\\APDS\\UI-AstraGlobal\\src\\lib\\utils.ts","statementMap":{"0":{"start":{"line":4,"column":0},"end":{"line":4,"column":16}},"1":{"start":{"line":1,"column":0},"end":{"line":1,"column":44}},"2":{"start":{"line":2,"column":0},"end":{"line":2,"column":40}},"3":{"start":{"line":5,"column":2},"end":{"line":5,"column":null}}},"fnMap":{"0":{"name":"cn","decl":{"start":{"line":4,"column":16},"end":{"line":4,"column":18}},"loc":{"start":{"line":4,"column":42},"end":{"line":6,"column":1}}}},"branchMap":{},"s":{"0":2,"1":2,"2":2,"3":217},"f":{"0":217},"b":{}}
,"C:\\Coding\\Uni\\2024 s2\\APDS\\UI-AstraGlobal\\src\\pages\\Auth\\auth.scheme.ts": {"path":"C:\\Coding\\Uni\\2024 s2\\APDS\\UI-AstraGlobal\\src\\pages\\Auth\\auth.scheme.ts","statementMap":{"0":{"start":{"line":1,"column":0},"end":{"line":1,"column":24}},"1":{"start":{"line":3,"column":13},"end":{"line":11,"column":3}},"2":{"start":{"line":13,"column":13},"end":{"line":17,"column":3}},"3":{"start":{"line":19,"column":13},"end":{"line":22,"column":3}},"4":{"start":{"line":24,"column":13},"end":{"line":32,"column":3}}},"fnMap":{},"branchMap":{},"s":{"0":1,"1":1,"2":1,"3":1,"4":1},"f":{},"b":{}}
,"C:\\Coding\\Uni\\2024 s2\\APDS\\UI-AstraGlobal\\src\\pages\\Auth\\Login\\Login.tsx": {"path":"C:\\Coding\\Uni\\2024 s2\\APDS\\UI-AstraGlobal\\src\\pages\\Auth\\Login\\Login.tsx","statementMap":{"0":{"start":{"line":1,"column":0},"end":{"line":1,"column":54}},"1":{"start":{"line":2,"column":0},"end":{"line":2,"column":42}},"2":{"start":{"line":5,"column":0},"end":{"line":5,"column":48}},"3":{"start":{"line":6,"column":0},"end":{"line":6,"column":null}},"4":{"start":{"line":15,"column":0},"end":{"line":15,"column":46}},"5":{"start":{"line":16,"column":0},"end":{"line":16,"column":null}},"6":{"start":{"line":22,"column":0},"end":{"line":22,"column":44}},"7":{"start":{"line":23,"column":0},"end":{"line":23,"column":63}},"8":{"start":{"line":24,"column":0},"end":{"line":24,"column":56}},"9":{"start":{"line":25,"column":0},"end":{"line":25,"column":44}},"10":{"start":{"line":26,"column":0},"end":{"line":26,"column":45}},"11":{"start":{"line":29,"column":19},"end":{"line":29,"column":32}},"12":{"start":{"line":30,"column":20},"end":{"line":30,"column":30}},"13":{"start":{"line":32,"column":15},"end":{"line":38,"column":4}},"14":{"start":{"line":40,"column":19},"end":{"line":61,"column":3}},"15":{"start":{"line":41,"column":32},"end":{"line":41,"column":77}},"16":{"start":{"line":43,"column":4},"end":{"line":60,"column":9}},"17":{"start":{"line":45,"column":8},"end":{"line":45,"column":25}},"18":{"start":{"line":46,"column":8},"end":{"line":46,"column":54}},"19":{"start":{"line":47,"column":8},"end":{"line":47,"column":22}},"20":{"start":{"line":48,"column":8},"end":{"line":52,"column":11}},"21":{"start":{"line":55,"column":8},"end":{"line":59,"column":11}},"22":{"start":{"line":63,"column":2},"end":{"line":121,"column":4}},"23":{"start":{"line":80,"column":18},"end":{"line":85,"column":null}},"24":{"start":{"line":93,"column":18},"end":{"line":98,"column":null}},"25":{"start":{"line":124,"column":0},"end":{"line":124,"column":21}}},"fnMap":{"0":{"name":"Login","decl":{"start":{"line":28,"column":9},"end":{"line":28,"column":14}},"loc":{"start":{"line":28,"column":14},"end":{"line":122,"column":1}}},"1":{"name":"(anonymous_1)","decl":{"start":{"line":40,"column":19},"end":{"line":40,"column":20}},"loc":{"start":{"line":40,"column":58},"end":{"line":61,"column":3}}},"2":{"name":"(anonymous_2)","decl":{"start":{"line":44,"column":12},"end":{"line":44,"column":13}},"loc":{"start":{"line":44,"column":20},"end":{"line":53,"column":7}}},"3":{"name":"(anonymous_3)","decl":{"start":{"line":54,"column":13},"end":{"line":54,"column":16}},"loc":{"start":{"line":54,"column":18},"end":{"line":60,"column":7}}},"4":{"name":"(anonymous_4)","decl":{"start":{"line":79,"column":24},"end":{"line":79,"column":25}},"loc":{"start":{"line":80,"column":18},"end":{"line":85,"column":null}}},"5":{"name":"(anonymous_5)","decl":{"start":{"line":92,"column":24},"end":{"line":92,"column":25}},"loc":{"start":{"line":93,"column":18},"end":{"line":98,"column":null}}}},"branchMap":{},"s":{"0":1,"1":1,"2":1,"3":1,"4":1,"5":1,"6":1,"7":1,"8":1,"9":1,"10":1,"11":7,"12":7,"13":7,"14":7,"15":2,"16":2,"17":1,"18":1,"19":1,"20":1,"21":1,"22":7,"23":7,"24":7,"25":1},"f":{"0":7,"1":2,"2":1,"3":1,"4":7,"5":7},"b":{}}
,"C:\\Coding\\Uni\\2024 s2\\APDS\\UI-AstraGlobal\\src\\pages\\Employee\\Auth\\auth.scheme.ts": {"path":"C:\\Coding\\Uni\\2024 s2\\APDS\\UI-AstraGlobal\\src\\pages\\Employee\\Auth\\auth.scheme.ts","statementMap":{"0":{"start":{"line":1,"column":0},"end":{"line":1,"column":24}},"1":{"start":{"line":3,"column":13},"end":{"line":11,"column":3}},"2":{"start":{"line":13,"column":13},"end":{"line":17,"column":3}},"3":{"start":{"line":19,"column":13},"end":{"line":22,"column":3}},"4":{"start":{"line":24,"column":13},"end":{"line":33,"column":3}}},"fnMap":{},"branchMap":{},"s":{"0":1,"1":1,"2":1,"3":1,"4":1},"f":{},"b":{}}
,"C:\\Coding\\Uni\\2024 s2\\APDS\\UI-AstraGlobal\\src\\pages\\Employee\\Auth\\Login\\EmployeeLogin.tsx": {"path":"C:\\Coding\\Uni\\2024 s2\\APDS\\UI-AstraGlobal\\src\\pages\\Employee\\Auth\\Login\\EmployeeLogin.tsx","statementMap":{"0":{"start":{"line":1,"column":0},"end":{"line":1,"column":54}},"1":{"start":{"line":2,"column":0},"end":{"line":2,"column":42}},"2":{"start":{"line":5,"column":0},"end":{"line":5,"column":48}},"3":{"start":{"line":6,"column":0},"end":{"line":6,"column":null}},"4":{"start":{"line":15,"column":0},"end":{"line":15,"column":46}},"5":{"start":{"line":16,"column":0},"end":{"line":16,"column":null}},"6":{"start":{"line":22,"column":0},"end":{"line":22,"column":44}},"7":{"start":{"line":23,"column":0},"end":{"line":23,"column":63}},"8":{"start":{"line":24,"column":0},"end":{"line":24,"column":47}},"9":{"start":{"line":25,"column":0},"end":{"line":25,"column":44}},"10":{"start":{"line":26,"column":0},"end":{"line":26,"column":45}},"11":{"start":{"line":29,"column":19},"end":{"line":29,"column":32}},"12":{"start":{"line":30,"column":20},"end":{"line":30,"column":30}},"13":{"start":{"line":32,"column":15},"end":{"line":39,"column":4}},"14":{"start":{"line":41,"column":19},"end":{"line":61,"column":3}},"15":{"start":{"line":42,"column":32},"end":{"line":42,"column":77}},"16":{"start":{"line":44,"column":4},"end":{"line":60,"column":9}},"17":{"start":{"line":46,"column":8},"end":{"line":46,"column":54}},"18":{"start":{"line":47,"column":8},"end":{"line":47,"column":30}},"19":{"start":{"line":48,"column":8},"end":{"line":52,"column":11}},"20":{"start":{"line":55,"column":8},"end":{"line":59,"column":11}},"21":{"start":{"line":63,"column":2},"end":{"line":112,"column":4}},"22":{"start":{"line":80,"column":18},"end":{"line":85,"column":null}},"23":{"start":{"line":93,"column":18},"end":{"line":98,"column":null}},"24":{"start":{"line":115,"column":0},"end":{"line":115,"column":29}}},"fnMap":{"0":{"name":"EmployeeLogin","decl":{"start":{"line":28,"column":9},"end":{"line":28,"column":22}},"loc":{"start":{"line":28,"column":22},"end":{"line":113,"column":1}}},"1":{"name":"(anonymous_1)","decl":{"start":{"line":41,"column":19},"end":{"line":41,"column":20}},"loc":{"start":{"line":41,"column":58},"end":{"line":61,"column":3}}},"2":{"name":"(anonymous_2)","decl":{"start":{"line":45,"column":12},"end":{"line":45,"column":13}},"loc":{"start":{"line":45,"column":20},"end":{"line":53,"column":7}}},"3":{"name":"(anonymous_3)","decl":{"start":{"line":54,"column":13},"end":{"line":54,"column":16}},"loc":{"start":{"line":54,"column":18},"end":{"line":60,"column":7}}},"4":{"name":"(anonymous_4)","decl":{"start":{"line":79,"column":24},"end":{"line":79,"column":25}},"loc":{"start":{"line":80,"column":18},"end":{"line":85,"column":null}}},"5":{"name":"(anonymous_5)","decl":{"start":{"line":92,"column":24},"end":{"line":92,"column":25}},"loc":{"start":{"line":93,"column":18},"end":{"line":98,"column":null}}}},"branchMap":{},"s":{"0":1,"1":1,"2":1,"3":1,"4":1,"5":1,"6":1,"7":1,"8":1,"9":1,"10":1,"11":7,"12":7,"13":7,"14":7,"15":2,"16":2,"17":1,"18":1,"19":1,"20":1,"21":7,"22":7,"23":7,"24":1},"f":{"0":7,"1":2,"2":1,"3":1,"4":7,"5":7},"b":{}}
}
