TN:
SF:src\components\ui\button.tsx
FN:46,(anonymous_7)
FNF:1
FNH:1
FNDA:28,(anonymous_7)
DA:1,2
DA:2,2
DA:3,2
DA:5,2
DA:7,2
DA:45,2
DA:46,28
DA:47,28
DA:48,28
DA:57,2
DA:59,2
LF:11
LH:11
BRDA:46,0,0,28
BRDA:47,1,0,0
BRDA:47,1,1,28
BRF:3
BRH:2
end_of_record
TN:
SF:src\components\ui\card.tsx
FN:8,(anonymous_7)
FN:23,(anonymous_8)
FN:35,(anonymous_9)
FN:50,(anonymous_10)
FN:62,(anonymous_11)
FN:70,(anonymous_12)
FNF:6
FNH:4
FNDA:0,(anonymous_7)
FNDA:14,(anonymous_8)
FNDA:14,(anonymous_9)
FNDA:14,(anonymous_10)
FNDA:14,(anonymous_11)
FNDA:0,(anonymous_12)
DA:1,2
DA:3,2
DA:5,2
DA:8,0
DA:18,2
DA:20,2
DA:23,14
DA:30,2
DA:32,2
DA:35,14
DA:45,2
DA:47,2
DA:50,14
DA:57,2
DA:59,2
DA:62,14
DA:65,2
DA:67,2
DA:70,0
DA:77,2
DA:79,2
LF:21
LH:19
BRF:0
BRH:0
end_of_record
TN:
SF:src\components\ui\form.tsx
FN:29,(anonymous_7)
FN:42,(anonymous_8)
FN:76,(anonymous_9)
FN:90,(anonymous_10)
FN:107,(anonymous_11)
FN:130,(anonymous_12)
FN:147,(anonymous_13)
FNF:7
FNH:7
FNDA:28,(anonymous_7)
FNDA:91,(anonymous_8)
FNDA:28,(anonymous_9)
FNDA:28,(anonymous_10)
FNDA:28,(anonymous_11)
FNDA:7,(anonymous_12)
FNDA:28,(anonymous_13)
DA:1,2
DA:3,2
DA:4,2
DA:13,2
DA:14,2
DA:16,2
DA:25,2
DA:29,2
DA:33,28
DA:35,28
DA:42,2
DA:43,91
DA:44,91
DA:45,91
DA:47,91
DA:49,91
DA:50,0
DA:53,91
DA:55,91
DA:69,2
DA:73,2
DA:76,28
DA:77,28
DA:79,28
DA:85,2
DA:87,2
DA:90,28
DA:91,28
DA:93,28
DA:102,2
DA:104,2
DA:107,28
DA:109,28
DA:111,28
DA:125,2
DA:127,2
DA:130,7
DA:131,7
DA:133,7
DA:142,2
DA:144,2
DA:147,28
DA:148,28
DA:149,28
DA:151,28
DA:152,28
DA:155,0
DA:166,2
DA:169,2
DA:170,2
DA:171,2
DA:172,2
DA:173,2
DA:174,2
DA:175,2
DA:176,2
LF:56
LH:54
BRDA:49,0,0,0
BRDA:96,1,0,28
BRDA:96,1,1,0
BRDA:116,2,0,28
BRDA:116,2,1,0
BRDA:149,3,0,0
BRDA:149,3,1,28
BRDA:149,4,0,0
BRDA:149,4,1,0
BRDA:149,5,0,0
BRDA:149,5,1,0
BRDA:151,6,0,28
BRF:12
BRH:4
end_of_record
TN:
SF:src\components\ui\input.tsx
FN:8,(anonymous_7)
FNF:1
FNH:1
FNDA:28,(anonymous_7)
DA:1,2
DA:3,2
DA:7,2
DA:8,28
DA:9,28
DA:22,2
DA:24,2
LF:7
LH:7
BRF:0
BRH:0
end_of_record
TN:
SF:src\components\ui\label.tsx
FN:15,(anonymous_7)
FNF:1
FNH:1
FNDA:28,(anonymous_7)
DA:1,2
DA:2,2
DA:3,2
DA:5,2
DA:7,2
DA:11,2
DA:15,28
DA:22,2
DA:24,2
LF:9
LH:9
BRF:0
BRH:0
end_of_record
TN:
SF:src\components\ui\password-input.tsx
FN:9,(anonymous_7)
FN:26,(anonymous_8)
FN:26,(anonymous_9)
FNF:3
FNH:1
FNDA:14,(anonymous_7)
FNDA:0,(anonymous_8)
FNDA:0,(anonymous_9)
DA:1,2
DA:2,2
DA:4,2
DA:5,2
DA:6,2
DA:8,2
DA:9,14
DA:10,14
DA:11,14
DA:13,14
DA:26,0
DA:52,2
DA:54,2
LF:13
LH:12
BRDA:16,0,0,0
BRDA:16,0,1,14
BRDA:29,1,0,0
BRDA:29,1,1,14
BRDA:29,2,0,14
BRDA:29,2,1,0
BRDA:35,3,0,0
BRDA:35,3,1,14
BRF:8
BRH:4
end_of_record
TN:
SF:src\lib\utils.ts
FN:4,cn
FNF:1
FNH:1
FNDA:217,cn
DA:1,2
DA:2,2
DA:4,2
DA:5,217
LF:4
LH:4
BRF:0
BRH:0
end_of_record
TN:
SF:src\pages\Auth\auth.scheme.ts
FNF:0
FNH:0
DA:1,1
DA:3,1
DA:13,1
DA:19,1
DA:24,1
LF:5
LH:5
BRF:0
BRH:0
end_of_record
TN:
SF:src\pages\Auth\Login\Login.tsx
FN:28,Login
FN:40,(anonymous_1)
FN:44,(anonymous_2)
FN:54,(anonymous_3)
FN:79,(anonymous_4)
FN:92,(anonymous_5)
FNF:6
FNH:6
FNDA:7,Login
FNDA:2,(anonymous_1)
FNDA:1,(anonymous_2)
FNDA:1,(anonymous_3)
FNDA:7,(anonymous_4)
FNDA:7,(anonymous_5)
DA:1,1
DA:2,1
DA:5,1
DA:6,1
DA:15,1
DA:16,1
DA:22,1
DA:23,1
DA:24,1
DA:25,1
DA:26,1
DA:29,7
DA:30,7
DA:32,7
DA:40,7
DA:41,2
DA:43,2
DA:45,1
DA:46,1
DA:47,1
DA:48,1
DA:55,1
DA:63,7
DA:80,7
DA:93,7
DA:124,1
LF:26
LH:26
BRF:0
BRH:0
end_of_record
TN:
SF:src\pages\Employee\Auth\auth.scheme.ts
FNF:0
FNH:0
DA:1,1
DA:3,1
DA:13,1
DA:19,1
DA:24,1
LF:5
LH:5
BRF:0
BRH:0
end_of_record
TN:
SF:src\pages\Employee\Auth\Login\EmployeeLogin.tsx
FN:28,EmployeeLogin
FN:41,(anonymous_1)
FN:45,(anonymous_2)
FN:54,(anonymous_3)
FN:79,(anonymous_4)
FN:92,(anonymous_5)
FNF:6
FNH:6
FNDA:7,EmployeeLogin
FNDA:2,(anonymous_1)
FNDA:1,(anonymous_2)
FNDA:1,(anonymous_3)
FNDA:7,(anonymous_4)
FNDA:7,(anonymous_5)
DA:1,1
DA:2,1
DA:5,1
DA:6,1
DA:15,1
DA:16,1
DA:22,1
DA:23,1
DA:24,1
DA:25,1
DA:26,1
DA:29,7
DA:30,7
DA:32,7
DA:41,7
DA:42,2
DA:44,2
DA:46,1
DA:47,1
DA:48,1
DA:55,1
DA:63,7
DA:80,7
DA:93,7
DA:115,1
LF:25
LH:25
BRF:0
BRH:0
end_of_record
